<?xml version="1.0" encoding="UTF-8"?>
<!-- Generated by org.testng.reporters.JUnitXMLReporter -->
<testsuite ignored="0" hostname="RAKESH-ACER" failures="0" tests="20" name="User TestCases" time="8.116" errors="0" timestamp="2023-12-13T12:11:58 IST">
  <testcase classname="userManagement.Getuser" name="deletemethod" time="1.596"/>
  <testcase classname="userManagement.GetPost" name="basicauth" time="1.602"/>
  <testcase classname="userManagement.Getuser" name="formparam" time="0.643"/>
  <testcase classname="userManagement.Getuser" name="getcookies" time="0.292"/>
  <testcase classname="userManagement.Getuser" name="getdatafromjsonandpropertiesboth" time="0.261"/>
  <testcase classname="userManagement.Getuser" name="getdatafromjsonarray" time="0.001"/>
  <testcase classname="userManagement.Getuser" name="getdatafromjsonarrayiteration" time="0.001"/>
  <testcase classname="userManagement.Getuser" name="getdatafrompropertyfile" time="0.248"/>
  <testcase classname="userManagement.GetPost" name="getdatafromjson" time="2.284"/>
  <testcase classname="userManagement.Getuser" name="hasItem" time="0.842"/>
  <testcase classname="userManagement.Getuser" name="hassize" time="0.272"/>
  <testcase classname="userManagement.Getuser" name="multipleheaders" time="0.243"/>
  <testcase classname="userManagement.GetPost" name="postdatarestassured" time="0.618"/>
  <testcase classname="userManagement.Getuser" name="multiplequeryparam" time="0.288"/>
  <testcase classname="userManagement.Getuser" name="pathparam" time="0.865"/>
  <testcase classname="userManagement.Getuser" name="queryparam" time="0.279"/>
  <testcase classname="userManagement.Getuser" name="testfetchheaders" time="0.243"/>
  <testcase classname="userManagement.Getuser" name="validateTestBody" time="1.184"/>
  <testcase classname="userManagement.Getuser" name="validatecontainsite" time="0.546"/>
  <testcase classname="userManagement.Getuser" name="validatesoftassert" time="0.259"/>
</testsuite> <!-- User TestCases -->
