<?xml version="1.0" encoding="UTF-8"?>
<!-- Generated by org.testng.reporters.JUnitXMLReporter -->
<testsuite ignored="0" hostname="RAKESH-ACER" failures="0" tests="13" name="Test" time="11.333" errors="0" timestamp="2023-12-06T12:31:26 IST">
  <testcase classname="userManagement.Getuser" name="basicauth" time="3.475"/>
  <testcase classname="userManagement.Getuser" name="deletemethod" time="0.6"/>
  <testcase classname="userManagement.Getuser" name="formparam" time="0.769"/>
  <testcase classname="userManagement.Getuser" name="getcookies" time="0.208"/>
  <testcase classname="userManagement.Getuser" name="hasItem" time="1.633"/>
  <testcase classname="userManagement.Getuser" name="hassize" time="0.559"/>
  <testcase classname="userManagement.Getuser" name="multipleheaders" time="0.242"/>
  <testcase classname="userManagement.Getuser" name="multiplequeryparam" time="0.271"/>
  <testcase classname="userManagement.Getuser" name="pathparam" time="1.941"/>
  <testcase classname="userManagement.Getuser" name="queryparam" time="0.26"/>
  <testcase classname="userManagement.Getuser" name="testfetchheaders" time="0.229"/>
  <testcase classname="userManagement.Getuser" name="validateTestBody" time="0.528"/>
  <testcase classname="userManagement.Getuser" name="validatecontainsite" time="0.56"/>
</testsuite> <!-- Test -->
