<?xml version="1.0" encoding="UTF-8"?>
<!-- Generated by org.testng.reporters.JUnitXMLReporter -->
<testsuite ignored="0" hostname="RAKESH-ACER" failures="0" tests="15" name="Test" time="11.275" errors="0" timestamp="2023-12-10T12:02:53 IST">
  <testcase classname="userManagement.Getuser" name="basicauth" time="3.137"/>
  <testcase classname="userManagement.Getuser" name="deletemethod" time="0.664"/>
  <testcase classname="userManagement.Getuser" name="formparam" time="0.559"/>
  <testcase classname="userManagement.Getuser" name="getcookies" time="0.388"/>
  <testcase classname="userManagement.Getuser" name="getdatafromjson" time="1.62"/>
  <testcase classname="userManagement.Getuser" name="getdatafrompropertyfile" time="0.253"/>
  <testcase classname="userManagement.Getuser" name="hasItem" time="0.657"/>
  <testcase classname="userManagement.Getuser" name="hassize" time="0.656"/>
  <testcase classname="userManagement.Getuser" name="multipleheaders" time="0.261"/>
  <testcase classname="userManagement.Getuser" name="multiplequeryparam" time="0.287"/>
  <testcase classname="userManagement.Getuser" name="pathparam" time="1.072"/>
  <testcase classname="userManagement.Getuser" name="queryparam" time="0.258"/>
  <testcase classname="userManagement.Getuser" name="testfetchheaders" time="0.247"/>
  <testcase classname="userManagement.Getuser" name="validateTestBody" time="0.571"/>
  <testcase classname="userManagement.Getuser" name="validatecontainsite" time="0.599"/>
</testsuite> <!-- Test -->
