<?xml version="1.0" encoding="UTF-8"?>
<testng-results ignored="0" total="4" passed="4" failed="0" skipped="0">
  <reporter-output>
  </reporter-output>
  <suite started-at="2023-12-19T10:36:06 IST" name="API Auomation Suite" finished-at="2023-12-19T10:36:10 IST" duration-ms="3935">
    <groups>
      <group name="Regression">
        <method signature="Getuser.getdatafrompojo()[pri:0, instance:userManagement.Getuser@593aaf41]" name="getdatafrompojo" class="userManagement.Getuser"/>
        <method signature="Getuser.hassize()[pri:0, instance:userManagement.Getuser@593aaf41]" name="hassize" class="userManagement.Getuser"/>
        <method signature="Getuser.multiplequeryparam()[pri:0, instance:userManagement.Getuser@593aaf41]" name="multiplequeryparam" class="userManagement.Getuser"/>
        <method signature="Getuser.validatecontainsite()[pri:0, instance:userManagement.Getuser@593aaf41]" name="validatecontainsite" class="userManagement.Getuser"/>
      </group> <!-- Regression -->
    </groups>
    <test started-at="2023-12-19T10:36:06 IST" name="User TestCases" finished-at="2023-12-19T10:36:10 IST" duration-ms="3935">
      <class name="userManagement.Getuser">
        <test-method is-config="true" signature="config()[pri:0, instance:userManagement.Getuser@593aaf41]" started-at="2023-12-19T10:36:06 IST" name="config" finished-at="2023-12-19T10:36:06 IST" duration-ms="121" status="PASS">
          <reporter-output>
          </reporter-output>
        </test-method> <!-- config -->
        <test-method signature="getdatafrompojo()[pri:0, instance:userManagement.Getuser@593aaf41]" started-at="2023-12-19T10:36:06 IST" name="getdatafrompojo" finished-at="2023-12-19T10:36:08 IST" duration-ms="1993" status="PASS">
          <reporter-output>
          </reporter-output>
        </test-method> <!-- getdatafrompojo -->
        <test-method is-config="true" signature="getResult(org.testng.ITestResult)[pri:0, instance:userManagement.Getuser@593aaf41]" started-at="2023-12-19T10:36:08 IST" name="getResult" finished-at="2023-12-19T10:36:08 IST" duration-ms="3" status="PASS">
          <params>
            <param index="0">
              <value>
                <![CDATA[[TestResult name=getdatafrompojo status=SUCCESS method=Getuser.getdatafrompojo()[pri:0, instance:userManagement.Getuser@593aaf41] output={null}]]]>
              </value>
            </param>
          </params>
          <reporter-output>
          </reporter-output>
        </test-method> <!-- getResult -->
        <test-method signature="hassize()[pri:0, instance:userManagement.Getuser@593aaf41]" started-at="2023-12-19T10:36:08 IST" name="hassize" finished-at="2023-12-19T10:36:08 IST" duration-ms="704" status="PASS">
          <reporter-output>
          </reporter-output>
        </test-method> <!-- hassize -->
        <test-method signature="multiplequeryparam()[pri:0, instance:userManagement.Getuser@593aaf41]" started-at="2023-12-19T10:36:08 IST" name="multiplequeryparam" finished-at="2023-12-19T10:36:09 IST" duration-ms="704" status="PASS">
          <reporter-output>
          </reporter-output>
        </test-method> <!-- multiplequeryparam -->
        <test-method is-config="true" signature="getResult(org.testng.ITestResult)[pri:0, instance:userManagement.Getuser@593aaf41]" started-at="2023-12-19T10:36:08 IST" name="getResult" finished-at="2023-12-19T10:36:08 IST" duration-ms="0" status="PASS">
          <params>
            <param index="0">
              <value>
                <![CDATA[[TestResult name=hassize status=SUCCESS method=Getuser.hassize()[pri:0, instance:userManagement.Getuser@593aaf41] output={null}]]]>
              </value>
            </param>
          </params>
          <reporter-output>
          </reporter-output>
        </test-method> <!-- getResult -->
        <test-method is-config="true" signature="getResult(org.testng.ITestResult)[pri:0, instance:userManagement.Getuser@593aaf41]" started-at="2023-12-19T10:36:09 IST" name="getResult" finished-at="2023-12-19T10:36:09 IST" duration-ms="1" status="PASS">
          <params>
            <param index="0">
              <value>
                <![CDATA[[TestResult name=multiplequeryparam status=SUCCESS method=Getuser.multiplequeryparam()[pri:0, instance:userManagement.Getuser@593aaf41] output={null}]]]>
              </value>
            </param>
          </params>
          <reporter-output>
          </reporter-output>
        </test-method> <!-- getResult -->
        <test-method signature="validatecontainsite()[pri:0, instance:userManagement.Getuser@593aaf41]" started-at="2023-12-19T10:36:09 IST" name="validatecontainsite" finished-at="2023-12-19T10:36:10 IST" duration-ms="495" status="PASS">
          <reporter-output>
          </reporter-output>
        </test-method> <!-- validatecontainsite -->
        <test-method is-config="true" signature="getResult(org.testng.ITestResult)[pri:0, instance:userManagement.Getuser@593aaf41]" started-at="2023-12-19T10:36:10 IST" name="getResult" finished-at="2023-12-19T10:36:10 IST" duration-ms="1" status="PASS">
          <params>
            <param index="0">
              <value>
                <![CDATA[[TestResult name=validatecontainsite status=SUCCESS method=Getuser.validatecontainsite()[pri:0, instance:userManagement.Getuser@593aaf41] output={null}]]]>
              </value>
            </param>
          </params>
          <reporter-output>
          </reporter-output>
        </test-method> <!-- getResult -->
        <test-method is-config="true" signature="endReport()[pri:0, instance:userManagement.Getuser@593aaf41]" started-at="2023-12-19T10:36:10 IST" name="endReport" finished-at="2023-12-19T10:36:10 IST" duration-ms="151" status="PASS">
          <reporter-output>
          </reporter-output>
        </test-method> <!-- endReport -->
      </class> <!-- userManagement.Getuser -->
    </test> <!-- User TestCases -->
  </suite> <!-- API Auomation Suite -->
</testng-results>
