<?xml version="1.0" encoding="UTF-8"?>
<testsuite xmlns:xsi="http://www.w3.org/2001/XMLSchema-instance" xsi:noNamespaceSchemaLocation="https://maven.apache.org/surefire/maven-surefire-plugin/xsd/surefire-test-report.xsd" name="TestSuite" time="11.838" tests="15" errors="0" skipped="0" failures="0">
  <properties>
[...]
</properties>
  <testcase name="basicauth" classname="userManagement.Getuser" time="3.139"/>
  <testcase name="deletemethod" classname="userManagement.Getuser" time="0.663"/>
  <testcase name="formparam" classname="userManagement.Getuser" time="0.56"/>
  <testcase name="getcookies" classname="userManagement.Getuser" time="0.388"/>
  <testcase name="getdatafromjson" classname="userManagement.Getuser" time="1.62"/>
  <testcase name="getdatafrompropertyfile" classname="userManagement.Getuser" time="0.253"/>
  <testcase name="hasItem" classname="userManagement.Getuser" time="0.658"/>
  <testcase name="hassize" classname="userManagement.Getuser" time="0.657"/>
  <testcase name="multipleheaders" classname="userManagement.Getuser" time="0.261"/>
  <testcase name="multiplequeryparam" classname="userManagement.Getuser" time="0.288"/>
  <testcase name="pathparam" classname="userManagement.Getuser" time="1.072"/>
  <testcase name="queryparam" classname="userManagement.Getuser" time="0.259"/>
  <testcase name="testfetchheaders" classname="userManagement.Getuser" time="0.247"/>
  <testcase name="validateTestBody" classname="userManagement.Getuser" time="0.571"/>
  <testcase name="validatecontainsite" classname="userManagement.Getuser" time="0.599"/>
</testsuite>